<?xml version="1.0" encoding="UTF-8"?>
<!-- Generated by org.testng.reporters.JUnitXMLReporter -->
<testsuite ignored="2" hostname="ShubhamShiv007" failures="0" tests="1" name="Default test" time="14.013" errors="0" timestamp="2024-05-28T16:47:33 IST">
  <testcase classname="First.Quick" name="before" time="13.942"/>
  <testcase classname="First.Quick" name="createAccount" time="0.0">
    <ignored/>
  </testcase> <!-- createAccount -->
  <testcase classname="First.Quick" name="Dynamic_webtables" time="0.0">
    <ignored/>
  </testcase> <!-- Dynamic_webtables -->
</testsuite> <!-- Default test -->
