<?xml version="1.0" encoding="UTF-8"?>
<testng-results ignored="2" total="3" passed="1" failed="0" skipped="0">
  <reporter-output>
  </reporter-output>
  <suite started-at="2024-05-28T16:47:19 IST" name="Default suite" finished-at="2024-05-28T16:47:33 IST" duration-ms="14013">
    <groups>
    </groups>
    <test started-at="2024-05-28T16:47:19 IST" name="Default test" finished-at="2024-05-28T16:47:33 IST" duration-ms="14013">
      <class name="First.Quick">
        <test-method signature="before()[pri:1, instance:First.Quick@107ed6fc]" started-at="2024-05-28T16:47:19 IST" name="before" finished-at="2024-05-28T16:47:33 IST" duration-ms="13942" status="PASS">
          <reporter-output>
          </reporter-output>
        </test-method> <!-- before -->
      </class> <!-- First.Quick -->
    </test> <!-- Default test -->
  </suite> <!-- Default suite -->
</testng-results>
